  Compiling CUDA source file kernel.cu...
  
  C:\Dev\C-CUDA-FFT\CudaFFTProject>"C:\Program Files\NVIDIA GPU Computing Toolkit\CUDA\v11.4\bin\nvcc.exe" -gencode=arch=compute_52,code=\"sm_52,compute_52\" --use-local-env -ccbin "C:\Program Files (x86)\Microsoft Visual Studio\2019\Community\VC\Tools\MSVC\14.29.30133\bin\HostX86\x64" -x cu   -I"C:\Program Files\NVIDIA GPU Computing Toolkit\CUDA\v11.4\include" -I"C:\Program Files\NVIDIA GPU Computing Toolkit\CUDA\v11.4\include"  -G   --keep-dir x64\Debug  -maxrregcount=0  --machine 64 --compile -cudart static  -g  -DWIN32 -DWIN64 -D_DEBUG -D_CONSOLE -D_MBCS -Xcompiler "/EHsc /W3 /nologo /Od /Fdx64\Debug\vc142.pdb /FS /Zi /RTC1 /MDd " -o x64\Debug\kernel.cu.obj "C:\Dev\C-CUDA-FFT\CudaFFTProject\kernel.cu" 
c:\dev\c-cuda-fft\cudafftproject\kernel.cu(278): warning : type qualifier specified more than once
  
c:\dev\c-cuda-fft\cudafftproject\kernel.cu(287): warning : transfer of control bypasses initialization of:
              variable "outputData"
  (373): here
  
c:\dev\c-cuda-fft\cudafftproject\kernel.cu(295): warning : transfer of control bypasses initialization of:
              variable "outputData"
  (373): here
  
c:\dev\c-cuda-fft\cudafftproject\kernel.cu(301): warning : transfer of control bypasses initialization of:
              variable "outputData"
  (373): here
  
c:\dev\c-cuda-fft\cudafftproject\kernel.cu(307): warning : transfer of control bypasses initialization of:
              variable "outputData"
  (373): here
  
c:\dev\c-cuda-fft\cudafftproject\kernel.cu(324): warning : transfer of control bypasses initialization of:
              variable "outputData"
  (373): here
  
c:\dev\c-cuda-fft\cudafftproject\kernel.cu(338): warning : transfer of control bypasses initialization of:
              variable "outputData"
  (373): here
  
c:\dev\c-cuda-fft\cudafftproject\kernel.cu(344): warning : transfer of control bypasses initialization of:
              variable "outputData"
  (373): here
  
c:\dev\c-cuda-fft\cudafftproject\kernel.cu(350): warning : transfer of control bypasses initialization of:
              variable "outputData"
  (373): here
  
c:\dev\c-cuda-fft\cudafftproject\kernel.cu(361): warning : transfer of control bypasses initialization of:
              variable "outputData"
  (373): here
  
c:\dev\c-cuda-fft\cudafftproject\kernel.cu(369): warning : transfer of control bypasses initialization of:
              variable "outputData"
  (373): here
  
c:\dev\c-cuda-fft\cudafftproject\kernel.cu(278): warning : type qualifier specified more than once
  
c:\dev\c-cuda-fft\cudafftproject\kernel.cu(287): warning : transfer of control bypasses initialization of:
              variable "outputData"
  (373): here
  
c:\dev\c-cuda-fft\cudafftproject\kernel.cu(295): warning : transfer of control bypasses initialization of:
              variable "outputData"
  (373): here
  
c:\dev\c-cuda-fft\cudafftproject\kernel.cu(301): warning : transfer of control bypasses initialization of:
              variable "outputData"
  (373): here
  
c:\dev\c-cuda-fft\cudafftproject\kernel.cu(307): warning : transfer of control bypasses initialization of:
              variable "outputData"
  (373): here
  
c:\dev\c-cuda-fft\cudafftproject\kernel.cu(324): warning : transfer of control bypasses initialization of:
              variable "outputData"
  (373): here
  
c:\dev\c-cuda-fft\cudafftproject\kernel.cu(338): warning : transfer of control bypasses initialization of:
              variable "outputData"
  (373): here
  
c:\dev\c-cuda-fft\cudafftproject\kernel.cu(344): warning : transfer of control bypasses initialization of:
              variable "outputData"
  (373): here
  
c:\dev\c-cuda-fft\cudafftproject\kernel.cu(350): warning : transfer of control bypasses initialization of:
              variable "outputData"
  (373): here
  
c:\dev\c-cuda-fft\cudafftproject\kernel.cu(361): warning : transfer of control bypasses initialization of:
              variable "outputData"
  (373): here
  
c:\dev\c-cuda-fft\cudafftproject\kernel.cu(369): warning : transfer of control bypasses initialization of:
              variable "outputData"
  (373): here
  
  kernel.cu
c:\dev\c-cuda-fft\cudafftproject\kernel.cu(384): warning C4533: initialization of 'outputData' is skipped by 'goto Error'
  c:\dev\c-cuda-fft\cudafftproject\kernel.cu(373): note: see declaration of 'outputData'
  c:\dev\c-cuda-fft\cudafftproject\kernel.cu(384): note: see declaration of 'Error'
     Creating library C:\Dev\C-CUDA-FFT\x64\Debug\CudaFFTProject.lib and object C:\Dev\C-CUDA-FFT\x64\Debug\CudaFFTProject.exp
  CudaFFTProject.vcxproj -> C:\Dev\C-CUDA-FFT\x64\Debug\CudaFFTProject.exe
